<?xml version="1.0" encoding="UTF-8"?>
<testsuite name="com.thoughtworks.pact.consumer.ConsumerTestAppModels" tests="1" skipped="0" failures="0" errors="0" timestamp="2016-05-17T07:23:29" hostname="CNpingzhu.local" time="0.144">
  <properties/>
  <testcase name="runTest" classname="com.thoughtworks.pact.consumer.ConsumerTestAppModels" time="0.144"/>
  <system-out><![CDATA[15:23:29.019 [Test worker] DEBUG o.s.web.client.RestTemplate - Created GET request for "http://localhost:8010/api/mod=%E6%88%98%E7%A5%9E"
15:23:29.020 [Test worker] DEBUG o.s.web.client.RestTemplate - Setting request Accept header to [text/plain, application/json, application/*+json, */*]
15:23:29.022 [nioEventLoopGroup-9-1] DEBUG a.c.d.p.c.UnfilteredMockProvider - Received request: 	method: GET
	path: /api/mod=战神
	query: [:]
	headers: [Connection:keep-alive, Content-Length:0, Accept:text/plain, application/json, application/*+json, */*, User-Agent:Java/1.8.0_66, Host:localhost:8010]
	matchers: null
	body: au.com.dius.pact.model.OptionalBody(EMPTY, )
15:23:29.023 [nioEventLoopGroup-9-1] DEBUG a.c.dius.pact.model.RequestMatching$ - comparing to expected request: 
	method: GET
	path: /api/mod=战神
	query: null
	headers: [:]
	matchers: [:]
	body: au.com.dius.pact.model.OptionalBody(MISSING, null)
15:23:29.026 [nioEventLoopGroup-9-1] DEBUG au.com.dius.pact.model.Matching$ - No matcher for text/plain, using equality
15:23:29.026 [nioEventLoopGroup-9-1] DEBUG a.c.dius.pact.model.RequestMatching$ - Request mismatch: List()
15:23:29.026 [nioEventLoopGroup-9-1] DEBUG a.c.d.p.c.UnfilteredMockProvider - Generating response: 	status: 200 
	headers: [Content-Type:text/plain;charset=UTF-8] 
	matchers: [:] 
	body: au.com.dius.pact.model.OptionalBody(PRESENT, {"Data":[{"provider": "京东","brand": "神舟","model": " 战神K610D-i7 D2","price": 3469.0},{"provider": "淘宝","brand": "神舟","model": "战神 K650D-I5 D2","price": 3076.0}]})
15:23:29.027 [Test worker] DEBUG o.s.web.client.RestTemplate - GET request for "http://localhost:8010/api/mod=%E6%88%98%E7%A5%9E" resulted in 200 (OK)
15:23:29.027 [Test worker] DEBUG o.s.web.client.RestTemplate - Reading [java.lang.String] as "text/plain;charset=UTF-8" using [org.springframework.http.converter.StringHttpMessageConverter@3e9677dd]
15:23:29.139 [Test worker] DEBUG a.c.dius.pact.consumer.PactGenerator - Writing pact test_consumer -> test_provider to file target/pacts/test_consumer-test_provider.json
15:23:29.145 [Test worker] DEBUG a.c.dius.pact.consumer.PactGenerator - Writing pact app_consumer -> brands_provider to file target/pacts/app_consumer-brands_provider.json
15:23:29.150 [Test worker] DEBUG a.c.dius.pact.consumer.PactGenerator - Writing pact app_consumer -> models_provider to file target/pacts/app_consumer-models_provider.json
]]></system-out>
  <system-err><![CDATA[]]></system-err>
</testsuite>
