<?xml version="1.0" encoding="UTF-8"?>
<testsuite name="com.thoughtworks.pact.consumer.ConsumerTest" tests="1" skipped="0" failures="0" errors="0" timestamp="2016-05-22T02:12:41" hostname="CNpingzhu.local" time="2.554">
  <properties/>
  <testcase name="runTest" classname="com.thoughtworks.pact.consumer.ConsumerTest" time="2.554"/>
  <system-out><![CDATA[10:12:41.745 [Test worker] DEBUG i.n.u.i.l.InternalLoggerFactory - Using SLF4J as the default logging framework
10:12:41.755 [Test worker] DEBUG i.n.c.MultithreadEventLoopGroup - -Dio.netty.eventLoopThreads: 16
10:12:41.765 [Test worker] DEBUG i.n.util.internal.PlatformDependent0 - java.nio.Buffer.address: available
10:12:41.766 [Test worker] DEBUG i.n.util.internal.PlatformDependent0 - sun.misc.Unsafe.theUnsafe: available
10:12:41.766 [Test worker] DEBUG i.n.util.internal.PlatformDependent0 - sun.misc.Unsafe.copyMemory: available
10:12:41.767 [Test worker] DEBUG i.n.util.internal.PlatformDependent0 - java.nio.Bits.unaligned: true
10:12:41.782 [Test worker] DEBUG i.n.util.internal.PlatformDependent - UID: 501
10:12:41.782 [Test worker] DEBUG i.n.util.internal.PlatformDependent - Java version: 8
10:12:41.782 [Test worker] DEBUG i.n.util.internal.PlatformDependent - -Dio.netty.noUnsafe: false
10:12:41.782 [Test worker] DEBUG i.n.util.internal.PlatformDependent - sun.misc.Unsafe: available
10:12:41.783 [Test worker] DEBUG i.n.util.internal.PlatformDependent - -Dio.netty.noJavassist: false
10:12:41.874 [Test worker] DEBUG i.n.util.internal.PlatformDependent - Javassist: available
10:12:41.874 [Test worker] DEBUG i.n.util.internal.PlatformDependent - -Dio.netty.tmpdir: /var/folders/w6/6b1srbtn72s5rh9zhp45q2x00000gn/T (java.io.tmpdir)
10:12:41.874 [Test worker] DEBUG i.n.util.internal.PlatformDependent - -Dio.netty.bitMode: 64 (sun.arch.data.model)
10:12:41.874 [Test worker] DEBUG i.n.util.internal.PlatformDependent - -Dio.netty.noPreferDirect: false
10:12:41.900 [Test worker] DEBUG io.netty.channel.nio.NioEventLoop - -Dio.netty.noKeySetOptimization: false
10:12:41.900 [Test worker] DEBUG io.netty.channel.nio.NioEventLoop - -Dio.netty.selectorAutoRebuildThreshold: 512
10:12:41.930 [Test worker] DEBUG i.n.util.internal.ThreadLocalRandom - -Dio.netty.initialSeedUniquifier: 0xa75df239f27501a7 (took 1 ms)
10:12:41.967 [Test worker] DEBUG io.netty.buffer.ByteBufUtil - -Dio.netty.allocator.type: unpooled
10:12:41.967 [Test worker] DEBUG io.netty.buffer.ByteBufUtil - -Dio.netty.threadLocalDirectBufferSize: 65536
10:12:41.973 [Test worker] DEBUG io.netty.util.NetUtil - Loopback interface: lo0 (lo0, 0:0:0:0:0:0:0:1)
10:12:41.973 [Test worker] DEBUG io.netty.util.NetUtil - /proc/sys/net/core/somaxconn: 128 (non-existent)
10:12:42.261 [Test worker] DEBUG o.a.h.c.protocol.RequestAddCookies - CookieSpec selected: default
10:12:42.270 [Test worker] DEBUG o.a.h.c.protocol.RequestAuthCache - Auth cache not set in the context
10:12:42.271 [Test worker] DEBUG o.a.h.i.c.PoolingHttpClientConnectionManager - Connection request: [route: {}->http://localhost:8000][total kept alive: 0; route allocated: 0 of 100; total allocated: 0 of 200]
10:12:42.285 [Test worker] DEBUG o.a.h.i.c.PoolingHttpClientConnectionManager - Connection leased: [id: 0][route: {}->http://localhost:8000][total kept alive: 0; route allocated: 1 of 100; total allocated: 1 of 200]
10:12:42.287 [Test worker] DEBUG o.a.h.impl.execchain.MainClientExec - Opening connection {}->http://localhost:8000
10:12:42.290 [Test worker] DEBUG o.a.h.i.c.DefaultHttpClientConnectionOperator - Connecting to localhost/127.0.0.1:8000
10:12:42.294 [Test worker] DEBUG o.a.h.i.c.DefaultHttpClientConnectionOperator - Connection established 127.0.0.1:62172<->127.0.0.1:8000
10:12:42.295 [Test worker] DEBUG o.a.h.impl.execchain.MainClientExec - Executing request OPTIONS /second HTTP/1.1
10:12:42.295 [Test worker] DEBUG o.a.h.impl.execchain.MainClientExec - Target auth state: UNCHALLENGED
10:12:42.297 [Test worker] DEBUG o.a.h.impl.execchain.MainClientExec - Proxy auth state: UNCHALLENGED
10:12:42.300 [Test worker] DEBUG org.apache.http.headers - http-outgoing-0 >> OPTIONS /second HTTP/1.1
10:12:42.300 [Test worker] DEBUG org.apache.http.headers - http-outgoing-0 >> testreqheader: testreqheadervalue
10:12:42.300 [Test worker] DEBUG org.apache.http.headers - http-outgoing-0 >> Host: localhost:8000
10:12:42.300 [Test worker] DEBUG org.apache.http.headers - http-outgoing-0 >> Connection: Keep-Alive
10:12:42.300 [Test worker] DEBUG org.apache.http.headers - http-outgoing-0 >> User-Agent: Apache-HttpClient/4.5.1 (Java/1.8.0_66)
10:12:42.301 [Test worker] DEBUG org.apache.http.headers - http-outgoing-0 >> Accept-Encoding: gzip,deflate
10:12:42.301 [Test worker] DEBUG org.apache.http.wire - http-outgoing-0 >> "OPTIONS /second HTTP/1.1[\r][\n]"
10:12:42.301 [Test worker] DEBUG org.apache.http.wire - http-outgoing-0 >> "testreqheader: testreqheadervalue[\r][\n]"
10:12:42.301 [Test worker] DEBUG org.apache.http.wire - http-outgoing-0 >> "Host: localhost:8000[\r][\n]"
10:12:42.301 [Test worker] DEBUG org.apache.http.wire - http-outgoing-0 >> "Connection: Keep-Alive[\r][\n]"
10:12:42.302 [Test worker] DEBUG org.apache.http.wire - http-outgoing-0 >> "User-Agent: Apache-HttpClient/4.5.1 (Java/1.8.0_66)[\r][\n]"
10:12:42.302 [Test worker] DEBUG org.apache.http.wire - http-outgoing-0 >> "Accept-Encoding: gzip,deflate[\r][\n]"
10:12:42.302 [Test worker] DEBUG org.apache.http.wire - http-outgoing-0 >> "[\r][\n]"
10:12:42.345 [nioEventLoopGroup-3-1] DEBUG io.netty.util.ResourceLeakDetector - -Dio.netty.leakDetectionLevel: simple
10:12:42.368 [nioEventLoopGroup-3-1] DEBUG i.n.u.i.JavassistTypeParameterMatcherGenerator - Generated: io.netty.util.internal.__matchers__.io.netty.handler.codec.http.HttpObjectMatcher
10:12:42.381 [nioEventLoopGroup-3-1] DEBUG io.netty.util.Recycler - -Dio.netty.recycler.maxCapacity.default: 262144
10:12:42.391 [nioEventLoopGroup-3-1] DEBUG io.netty.util.internal.Cleaner0 - java.nio.ByteBuffer.cleaner(): available
10:12:42.514 [nioEventLoopGroup-3-1] DEBUG a.c.d.p.c.UnfilteredMockProvider - Received request: 	method: OPTIONS
	path: /second
	query: [:]
	headers: [Connection:Keep-Alive, Content-Length:0, testreqheader:testreqheadervalue, Accept-Encoding:gzip,deflate, User-Agent:Apache-HttpClient/4.5.1 (Java/1.8.0_66), Host:localhost:8000]
	matchers: null
	body: au.com.dius.pact.model.OptionalBody(EMPTY, )
10:12:42.549 [nioEventLoopGroup-3-1] DEBUG a.c.dius.pact.model.RequestMatching$ - comparing to expected request: 
	method: GET
	path: /
	query: null
	headers: [:]
	matchers: [:]
	body: au.com.dius.pact.model.OptionalBody(MISSING, null)
10:12:42.737 [nioEventLoopGroup-3-1] DEBUG au.com.dius.pact.model.Matching$ - No matcher for text/plain, using equality
10:12:42.738 [nioEventLoopGroup-3-1] DEBUG a.c.dius.pact.model.RequestMatching$ - Request mismatch: List(MethodMismatch(GET,OPTIONS), PathMismatch(/,/second,None))
10:12:42.740 [nioEventLoopGroup-3-1] DEBUG a.c.dius.pact.model.RequestMatching$ - comparing to expected request: 
	method: OPTIONS
	path: /second
	query: null
	headers: [:]
	matchers: [:]
	body: au.com.dius.pact.model.OptionalBody(EMPTY, )
10:12:42.750 [nioEventLoopGroup-3-1] DEBUG au.com.dius.pact.model.Matching$ - No matcher for text/plain, using equality
10:12:42.752 [nioEventLoopGroup-3-1] DEBUG a.c.dius.pact.model.RequestMatching$ - Request mismatch: List()
10:12:42.766 [nioEventLoopGroup-3-1] DEBUG a.c.d.p.c.UnfilteredMockProvider - Generating response: 	status: 200 
	headers: [:] 
	matchers: [:] 
	body: au.com.dius.pact.model.OptionalBody(EMPTY, )
10:12:42.792 [Test worker] DEBUG org.apache.http.wire - http-outgoing-0 << "HTTP/1.1 200 OK[\r][\n]"
10:12:42.792 [Test worker] DEBUG org.apache.http.wire - http-outgoing-0 << "Connection: keep-alive[\r][\n]"
10:12:42.792 [Test worker] DEBUG org.apache.http.wire - http-outgoing-0 << "Content-Length: 0[\r][\n]"
10:12:42.794 [Test worker] DEBUG org.apache.http.wire - http-outgoing-0 << "[\r][\n]"
10:12:42.801 [Test worker] DEBUG org.apache.http.headers - http-outgoing-0 << HTTP/1.1 200 OK
10:12:42.802 [Test worker] DEBUG org.apache.http.headers - http-outgoing-0 << Connection: keep-alive
10:12:42.802 [Test worker] DEBUG org.apache.http.headers - http-outgoing-0 << Content-Length: 0
10:12:42.808 [Test worker] DEBUG o.a.h.impl.execchain.MainClientExec - Connection can be kept alive indefinitely
10:12:42.808 [Test worker] DEBUG o.a.h.i.c.PoolingHttpClientConnectionManager - Connection [id: 0][route: {}->http://localhost:8000] can be kept alive indefinitely
10:12:42.809 [Test worker] DEBUG o.a.h.i.c.PoolingHttpClientConnectionManager - Connection released: [id: 0][route: {}->http://localhost:8000][total kept alive: 1; route allocated: 1 of 100; total allocated: 1 of 200]
10:12:42.818 [Test worker] DEBUG o.a.h.c.protocol.RequestAddCookies - CookieSpec selected: default
10:12:42.818 [Test worker] DEBUG o.a.h.c.protocol.RequestAuthCache - Auth cache not set in the context
10:12:42.818 [Test worker] DEBUG o.a.h.i.c.PoolingHttpClientConnectionManager - Connection request: [route: {}->http://localhost:8000][total kept alive: 1; route allocated: 1 of 100; total allocated: 1 of 200]
10:12:42.819 [Test worker] DEBUG o.a.h.i.c.PoolingHttpClientConnectionManager - Connection leased: [id: 0][route: {}->http://localhost:8000][total kept alive: 0; route allocated: 1 of 100; total allocated: 1 of 200]
10:12:42.819 [Test worker] DEBUG o.a.h.impl.execchain.MainClientExec - Executing request GET / HTTP/1.1
10:12:42.819 [Test worker] DEBUG o.a.h.impl.execchain.MainClientExec - Target auth state: UNCHALLENGED
10:12:42.819 [Test worker] DEBUG o.a.h.impl.execchain.MainClientExec - Proxy auth state: UNCHALLENGED
10:12:42.819 [Test worker] DEBUG org.apache.http.headers - http-outgoing-0 >> GET / HTTP/1.1
10:12:42.819 [Test worker] DEBUG org.apache.http.headers - http-outgoing-0 >> testreqheader: testreqheadervalue
10:12:42.820 [Test worker] DEBUG org.apache.http.headers - http-outgoing-0 >> Host: localhost:8000
10:12:42.820 [Test worker] DEBUG org.apache.http.headers - http-outgoing-0 >> Connection: Keep-Alive
10:12:42.820 [Test worker] DEBUG org.apache.http.headers - http-outgoing-0 >> User-Agent: Apache-HttpClient/4.5.1 (Java/1.8.0_66)
10:12:42.820 [Test worker] DEBUG org.apache.http.headers - http-outgoing-0 >> Accept-Encoding: gzip,deflate
10:12:42.820 [Test worker] DEBUG org.apache.http.wire - http-outgoing-0 >> "GET / HTTP/1.1[\r][\n]"
10:12:42.820 [Test worker] DEBUG org.apache.http.wire - http-outgoing-0 >> "testreqheader: testreqheadervalue[\r][\n]"
10:12:42.820 [Test worker] DEBUG org.apache.http.wire - http-outgoing-0 >> "Host: localhost:8000[\r][\n]"
10:12:42.820 [Test worker] DEBUG org.apache.http.wire - http-outgoing-0 >> "Connection: Keep-Alive[\r][\n]"
10:12:42.820 [Test worker] DEBUG org.apache.http.wire - http-outgoing-0 >> "User-Agent: Apache-HttpClient/4.5.1 (Java/1.8.0_66)[\r][\n]"
10:12:42.820 [Test worker] DEBUG org.apache.http.wire - http-outgoing-0 >> "Accept-Encoding: gzip,deflate[\r][\n]"
10:12:42.820 [Test worker] DEBUG org.apache.http.wire - http-outgoing-0 >> "[\r][\n]"
10:12:42.891 [nioEventLoopGroup-3-1] DEBUG a.c.d.p.c.UnfilteredMockProvider - Received request: 	method: GET
	path: /
	query: [:]
	headers: [Connection:Keep-Alive, Content-Length:0, testreqheader:testreqheadervalue, Accept-Encoding:gzip,deflate, User-Agent:Apache-HttpClient/4.5.1 (Java/1.8.0_66), Host:localhost:8000]
	matchers: null
	body: au.com.dius.pact.model.OptionalBody(EMPTY, )
10:12:42.907 [nioEventLoopGroup-3-1] DEBUG a.c.dius.pact.model.RequestMatching$ - comparing to expected request: 
	method: GET
	path: /
	query: null
	headers: [:]
	matchers: [:]
	body: au.com.dius.pact.model.OptionalBody(MISSING, null)
10:12:42.935 [nioEventLoopGroup-3-1] DEBUG au.com.dius.pact.model.Matching$ - No matcher for text/plain, using equality
10:12:42.936 [nioEventLoopGroup-3-1] DEBUG a.c.dius.pact.model.RequestMatching$ - Request mismatch: List()
10:12:42.940 [nioEventLoopGroup-3-1] DEBUG a.c.dius.pact.model.RequestMatching$ - comparing to expected request: 
	method: OPTIONS
	path: /second
	query: null
	headers: [:]
	matchers: [:]
	body: au.com.dius.pact.model.OptionalBody(EMPTY, )
10:12:42.959 [nioEventLoopGroup-3-1] DEBUG au.com.dius.pact.model.Matching$ - No matcher for text/plain, using equality
10:12:42.960 [nioEventLoopGroup-3-1] DEBUG a.c.dius.pact.model.RequestMatching$ - Request mismatch: List(MethodMismatch(OPTIONS,GET), PathMismatch(/second,/,None))
10:12:42.961 [nioEventLoopGroup-3-1] DEBUG a.c.d.p.c.UnfilteredMockProvider - Generating response: 	status: 200 
	headers: [:] 
	matchers: [:] 
	body: au.com.dius.pact.model.OptionalBody(PRESENT, {"provider": "JD", "brand": "SZ"})
10:12:42.981 [Test worker] DEBUG org.apache.http.wire - http-outgoing-0 << "HTTP/1.1 200 OK[\r][\n]"
10:12:42.982 [Test worker] DEBUG org.apache.http.wire - http-outgoing-0 << "Connection: keep-alive[\r][\n]"
10:12:42.982 [Test worker] DEBUG org.apache.http.wire - http-outgoing-0 << "Content-Length: 33[\r][\n]"
10:12:42.986 [Test worker] DEBUG org.apache.http.wire - http-outgoing-0 << "[\r][\n]"
10:12:42.987 [Test worker] DEBUG org.apache.http.wire - http-outgoing-0 << "{"provider": "JD", "brand": "SZ"}"
10:12:42.987 [Test worker] DEBUG org.apache.http.headers - http-outgoing-0 << HTTP/1.1 200 OK
10:12:42.987 [Test worker] DEBUG org.apache.http.headers - http-outgoing-0 << Connection: keep-alive
10:12:42.987 [Test worker] DEBUG org.apache.http.headers - http-outgoing-0 << Content-Length: 33
10:12:42.987 [Test worker] DEBUG o.a.h.impl.execchain.MainClientExec - Connection can be kept alive indefinitely
10:12:42.989 [Test worker] DEBUG o.a.h.i.c.PoolingHttpClientConnectionManager - Connection [id: 0][route: {}->http://localhost:8000] can be kept alive indefinitely
10:12:42.989 [Test worker] DEBUG o.a.h.i.c.PoolingHttpClientConnectionManager - Connection released: [id: 0][route: {}->http://localhost:8000][total kept alive: 1; route allocated: 1 of 100; total allocated: 1 of 200]
10:12:43.555 [Test worker] DEBUG a.c.dius.pact.consumer.PactGenerator - Writing pact test_consumer -> test_provider to file target/pacts/test_consumer-test_provider.json
]]></system-out>
  <system-err><![CDATA[]]></system-err>
</testsuite>
