<?xml version="1.0" encoding="UTF-8"?>
<testsuite name="com.thoughtworks.pact.consumer.ConsumerTestAppBrands" tests="1" skipped="0" failures="0" errors="0" timestamp="2016-05-22T02:12:43" hostname="CNpingzhu.local" time="0.425">
  <properties/>
  <testcase name="runTest" classname="com.thoughtworks.pact.consumer.ConsumerTestAppBrands" time="0.425"/>
  <system-out><![CDATA[10:12:44.024 [Test worker] DEBUG o.s.web.client.RestTemplate - Created GET request for "http://localhost:8000/api/brand=%E7%A5%9E%E8%88%9F"
10:12:44.025 [Test worker] DEBUG o.s.web.client.RestTemplate - Setting request Accept header to [text/plain, application/json, application/*+json, */*]
10:12:44.032 [nioEventLoopGroup-5-1] DEBUG a.c.d.p.c.UnfilteredMockProvider - Received request: 	method: GET
	path: /api/brand=神舟
	query: [:]
	headers: [Connection:keep-alive, Content-Length:0, Accept:text/plain, application/json, application/*+json, */*, User-Agent:Java/1.8.0_66, Host:localhost:8000]
	matchers: null
	body: au.com.dius.pact.model.OptionalBody(EMPTY, )
10:12:44.037 [nioEventLoopGroup-5-1] DEBUG a.c.dius.pact.model.RequestMatching$ - comparing to expected request: 
	method: GET
	path: /api/brand=神舟
	query: null
	headers: [:]
	matchers: [:]
	body: au.com.dius.pact.model.OptionalBody(MISSING, null)
10:12:44.043 [nioEventLoopGroup-5-1] DEBUG au.com.dius.pact.model.Matching$ - No matcher for text/plain, using equality
10:12:44.043 [nioEventLoopGroup-5-1] DEBUG a.c.dius.pact.model.RequestMatching$ - Request mismatch: List()
10:12:44.044 [nioEventLoopGroup-5-1] DEBUG a.c.d.p.c.UnfilteredMockProvider - Generating response: 	status: 200 
	headers: [Content-Type:text/plain;charset=UTF-8] 
	matchers: [:] 
	body: au.com.dius.pact.model.OptionalBody(PRESENT, {"Data":[{"provider": "京东","brand": "神舟","model": " 战神K610D-i7 D2","price": 3469.0},{"provider": "淘宝","brand": "神舟","model": "战神 K650D-I5 D2","price": 3076.0}]})
10:12:44.077 [Test worker] DEBUG o.s.web.client.RestTemplate - GET request for "http://localhost:8000/api/brand=%E7%A5%9E%E8%88%9F" resulted in 200 (OK)
10:12:44.078 [Test worker] DEBUG o.s.web.client.RestTemplate - Reading [java.lang.String] as "text/plain;charset=UTF-8" using [org.springframework.http.converter.StringHttpMessageConverter@735e7c1a]
10:12:44.203 [Test worker] DEBUG a.c.dius.pact.consumer.PactGenerator - Writing pact test_consumer -> test_provider to file target/pacts/test_consumer-test_provider.json
10:12:44.231 [Test worker] DEBUG a.c.dius.pact.consumer.PactGenerator - Writing pact app_consumer -> brands_provider to file target/pacts/app_consumer-brands_provider.json
]]></system-out>
  <system-err><![CDATA[]]></system-err>
</testsuite>
