<?xml version="1.0" encoding="UTF-8"?>
<testsuite name="com.thoughtworks.pact.consumer.ConsumerTestModelsTBProducts" tests="1" skipped="0" failures="0" errors="0" timestamp="2016-05-22T02:12:45" hostname="CNpingzhu.local" time="0.249">
  <properties/>
  <testcase name="runTest" classname="com.thoughtworks.pact.consumer.ConsumerTestModelsTBProducts" time="0.249"/>
  <system-out><![CDATA[10:12:45.285 [Test worker] DEBUG o.s.web.client.RestTemplate - Created GET request for "http://localhost:6003/products"
10:12:45.287 [Test worker] DEBUG o.s.web.client.RestTemplate - Setting request Accept header to [application/json, application/*+json]
10:12:45.296 [nioEventLoopGroup-15-1] DEBUG a.c.d.p.c.UnfilteredMockProvider - Received request: 	method: GET
	path: /products
	query: [:]
	headers: [Connection:keep-alive, Content-Length:0, Accept:application/json, application/*+json, User-Agent:Java/1.8.0_66, Host:localhost:6003]
	matchers: null
	body: au.com.dius.pact.model.OptionalBody(EMPTY, )
10:12:45.298 [nioEventLoopGroup-15-1] DEBUG a.c.dius.pact.model.RequestMatching$ - comparing to expected request: 
	method: GET
	path: /products
	query: null
	headers: [:]
	matchers: [:]
	body: au.com.dius.pact.model.OptionalBody(MISSING, null)
10:12:45.302 [nioEventLoopGroup-15-1] DEBUG au.com.dius.pact.model.Matching$ - No matcher for text/plain, using equality
10:12:45.302 [nioEventLoopGroup-15-1] DEBUG a.c.dius.pact.model.RequestMatching$ - Request mismatch: List()
10:12:45.302 [nioEventLoopGroup-15-1] DEBUG a.c.d.p.c.UnfilteredMockProvider - Generating response: 	status: 200 
	headers: [Content-Type:application/json] 
	matchers: [:] 
	body: au.com.dius.pact.model.OptionalBody(PRESENT, {"products": [{"brand": "联想","model": "小新Air","price": 6999}],"provider": "京东"})
10:12:45.303 [Test worker] DEBUG o.s.web.client.RestTemplate - GET request for "http://localhost:6003/products" resulted in 200 (OK)
10:12:45.304 [Test worker] DEBUG o.s.web.client.RestTemplate - Reading [class com.fasterxml.jackson.databind.JsonNode] as "application/json" using [org.springframework.http.converter.json.MappingJackson2HttpMessageConverter@35be963c]
10:12:45.424 [Test worker] DEBUG a.c.dius.pact.consumer.PactGenerator - Writing pact brands_consumer -> jd_products_provider to file target/pacts/brands_consumer-jd_products_provider.json
10:12:45.428 [Test worker] DEBUG a.c.dius.pact.consumer.PactGenerator - Writing pact app_consumer -> models_provider to file target/pacts/app_consumer-models_provider.json
10:12:45.433 [Test worker] DEBUG a.c.dius.pact.consumer.PactGenerator - Writing pact models_consumer -> jd_products_provider to file target/pacts/models_consumer-jd_products_provider.json
10:12:45.442 [Test worker] DEBUG a.c.dius.pact.consumer.PactGenerator - Writing pact app_consumer -> brands_provider to file target/pacts/app_consumer-brands_provider.json
10:12:45.446 [Test worker] DEBUG a.c.dius.pact.consumer.PactGenerator - Writing pact test_consumer -> test_provider to file target/pacts/test_consumer-test_provider.json
10:12:45.458 [Test worker] DEBUG a.c.dius.pact.consumer.PactGenerator - Writing pact models_consumer -> tb_products_provider to file target/pacts/models_consumer-tb_products_provider.json
10:12:45.470 [Test worker] DEBUG a.c.dius.pact.consumer.PactGenerator - Writing pact brands_consumer -> tb_products_provider to file target/pacts/brands_consumer-tb_products_provider.json
]]></system-out>
  <system-err><![CDATA[]]></system-err>
</testsuite>
