<?xml version="1.0" encoding="UTF-8"?>
<testsuite name="com.thoughtworks.pact.consumer.ConsumerTestBrandsDsl" tests="1" skipped="0" failures="1" errors="0" timestamp="2016-05-17T07:22:22" hostname="CNpingzhu.local" time="0.018">
  <properties/>
  <testcase name="runTest" classname="com.thoughtworks.pact.consumer.ConsumerTestBrandsDsl" time="0.018">
    <failure message="junit.framework.ComparisonFailure: expected:&lt;{&quot;[localAddress&quot;:&quot;127.0.0.1&quot;,&quot;happy&quot;:true,&quot;name&quot;:&quot;pactdslname&quot;,&quot;age&quot;:100]}&gt; but was:&lt;{&quot;[Data&quot;:[{&quot;provider&quot;: &quot;京东&quot;,&quot;brand&quot;: &quot;神舟&quot;,&quot;model&quot;: &quot; 战神K610D-i7 D2&quot;,&quot;price&quot;: 3469.0},{&quot;provider&quot;: &quot;淘宝&quot;,&quot;brand&quot;: &quot;神舟&quot;,&quot;model&quot;: &quot;战神 K650D-I5 D2&quot;,&quot;price&quot;: 3076.0}]]}&gt;" type="junit.framework.ComparisonFailure">junit.framework.ComparisonFailure: expected:&lt;{&quot;[localAddress&quot;:&quot;127.0.0.1&quot;,&quot;happy&quot;:true,&quot;name&quot;:&quot;pactdslname&quot;,&quot;age&quot;:100]}&gt; but was:&lt;{&quot;[Data&quot;:[{&quot;provider&quot;: &quot;京东&quot;,&quot;brand&quot;: &quot;神舟&quot;,&quot;model&quot;: &quot; 战神K610D-i7 D2&quot;,&quot;price&quot;: 3469.0},{&quot;provider&quot;: &quot;淘宝&quot;,&quot;brand&quot;: &quot;神舟&quot;,&quot;model&quot;: &quot;战神 K650D-I5 D2&quot;,&quot;price&quot;: 3076.0}]]}&gt;
	at junit.framework.Assert.assertEquals(Assert.java:100)
	at junit.framework.Assert.assertEquals(Assert.java:107)
	at junit.framework.TestCase.assertEquals(TestCase.java:269)
	at com.thoughtworks.pact.consumer.ConsumerTestBrandsDsl.runTest(ConsumerTestBrandsDsl.java:63)
	at sun.reflect.NativeMethodAccessorImpl.invoke0(Native Method)
	at sun.reflect.NativeMethodAccessorImpl.invoke(NativeMethodAccessorImpl.java:62)
	at sun.reflect.DelegatingMethodAccessorImpl.invoke(DelegatingMethodAccessorImpl.java:43)
	at java.lang.reflect.Method.invoke(Method.java:497)
	at org.junit.runners.model.FrameworkMethod$1.runReflectiveCall(FrameworkMethod.java:50)
	at org.junit.internal.runners.model.ReflectiveCallable.run(ReflectiveCallable.java:12)
	at org.junit.runners.model.FrameworkMethod.invokeExplosively(FrameworkMethod.java:47)
	at org.junit.internal.runners.statements.InvokeMethod.evaluate(InvokeMethod.java:17)
	at au.com.dius.pact.consumer.PactProviderRule$2.run(PactProviderRule.java:192)
	at au.com.dius.pact.model.PactFragment$$anonfun$runConsumer$1.apply$mcV$sp(PactFragment.scala:21)
	at au.com.dius.pact.model.PactFragment$$anonfun$runConsumer$1.apply(PactFragment.scala:21)
	at au.com.dius.pact.model.PactFragment$$anonfun$runConsumer$1.apply(PactFragment.scala:21)
	at au.com.dius.pact.consumer.StatefulMockProvider$$anonfun$runAndClose$1.apply(MockProvider.scala:46)
	at au.com.dius.pact.consumer.StatefulMockProvider$$anonfun$runAndClose$1.apply(MockProvider.scala:44)
	at scala.util.Try$.apply(Try.scala:192)
	at au.com.dius.pact.consumer.StatefulMockProvider.runAndClose(MockProvider.scala:43)
	at au.com.dius.pact.consumer.ConsumerPactRunner.runAndWritePact(ConsumerPactRunner.scala:28)
	at au.com.dius.pact.model.PactFragment.duringConsumerSpec(PactFragment.scala:13)
	at au.com.dius.pact.model.PactFragment.runConsumer(PactFragment.scala:21)
	at au.com.dius.pact.consumer.PactProviderRule.runPactTest(PactProviderRule.java:189)
	at au.com.dius.pact.consumer.PactProviderRule.access$100(PactProviderRule.java:26)
	at au.com.dius.pact.consumer.PactProviderRule$1.evaluate(PactProviderRule.java:117)
	at org.junit.rules.RunRules.evaluate(RunRules.java:20)
	at org.junit.runners.ParentRunner.runLeaf(ParentRunner.java:325)
	at org.junit.runners.BlockJUnit4ClassRunner.runChild(BlockJUnit4ClassRunner.java:78)
	at org.junit.runners.BlockJUnit4ClassRunner.runChild(BlockJUnit4ClassRunner.java:57)
	at org.junit.runners.ParentRunner$3.run(ParentRunner.java:290)
	at org.junit.runners.ParentRunner$1.schedule(ParentRunner.java:71)
	at org.junit.runners.ParentRunner.runChildren(ParentRunner.java:288)
	at org.junit.runners.ParentRunner.access$000(ParentRunner.java:58)
	at org.junit.runners.ParentRunner$2.evaluate(ParentRunner.java:268)
	at org.junit.runners.ParentRunner.run(ParentRunner.java:363)
	at org.gradle.api.internal.tasks.testing.junit.JUnitTestClassExecuter.runTestClass(JUnitTestClassExecuter.java:105)
	at org.gradle.api.internal.tasks.testing.junit.JUnitTestClassExecuter.execute(JUnitTestClassExecuter.java:56)
	at org.gradle.api.internal.tasks.testing.junit.JUnitTestClassProcessor.processTestClass(JUnitTestClassProcessor.java:64)
	at org.gradle.api.internal.tasks.testing.SuiteTestClassProcessor.processTestClass(SuiteTestClassProcessor.java:50)
	at sun.reflect.NativeMethodAccessorImpl.invoke0(Native Method)
	at sun.reflect.NativeMethodAccessorImpl.invoke(NativeMethodAccessorImpl.java:62)
	at sun.reflect.DelegatingMethodAccessorImpl.invoke(DelegatingMethodAccessorImpl.java:43)
	at java.lang.reflect.Method.invoke(Method.java:497)
	at org.gradle.messaging.dispatch.ReflectionDispatch.dispatch(ReflectionDispatch.java:35)
	at org.gradle.messaging.dispatch.ReflectionDispatch.dispatch(ReflectionDispatch.java:24)
	at org.gradle.messaging.dispatch.ContextClassLoaderDispatch.dispatch(ContextClassLoaderDispatch.java:32)
	at org.gradle.messaging.dispatch.ProxyDispatchAdapter$DispatchingInvocationHandler.invoke(ProxyDispatchAdapter.java:93)
	at com.sun.proxy.$Proxy2.processTestClass(Unknown Source)
	at org.gradle.api.internal.tasks.testing.worker.TestWorker.processTestClass(TestWorker.java:106)
	at sun.reflect.NativeMethodAccessorImpl.invoke0(Native Method)
	at sun.reflect.NativeMethodAccessorImpl.invoke(NativeMethodAccessorImpl.java:62)
	at sun.reflect.DelegatingMethodAccessorImpl.invoke(DelegatingMethodAccessorImpl.java:43)
	at java.lang.reflect.Method.invoke(Method.java:497)
	at org.gradle.messaging.dispatch.ReflectionDispatch.dispatch(ReflectionDispatch.java:35)
	at org.gradle.messaging.dispatch.ReflectionDispatch.dispatch(ReflectionDispatch.java:24)
	at org.gradle.messaging.remote.internal.hub.MessageHub$Handler.run(MessageHub.java:360)
	at org.gradle.internal.concurrent.ExecutorPolicy$CatchAndRecordFailures.onExecute(ExecutorPolicy.java:54)
	at org.gradle.internal.concurrent.StoppableExecutorImpl$1.run(StoppableExecutorImpl.java:40)
	at java.util.concurrent.ThreadPoolExecutor.runWorker(ThreadPoolExecutor.java:1142)
	at java.util.concurrent.ThreadPoolExecutor$Worker.run(ThreadPoolExecutor.java:617)
	at java.lang.Thread.run(Thread.java:745)
</failure>
  </testcase>
  <system-out><![CDATA[15:22:22.415 [Test worker] DEBUG o.s.web.client.RestTemplate - Created GET request for "http://localhost:8000/api/brand=%E7%A5%9E%E8%88%9F"
15:22:22.415 [Test worker] DEBUG o.s.web.client.RestTemplate - Setting request Accept header to [text/plain, application/json, application/*+json, */*]
15:22:22.417 [nioEventLoopGroup-13-1] DEBUG a.c.d.p.c.UnfilteredMockProvider - Received request: 	method: GET
	path: /api/brand=神舟
	query: [:]
	headers: [Connection:keep-alive, Content-Length:0, Accept:text/plain, application/json, application/*+json, */*, User-Agent:Java/1.8.0_66, Host:localhost:8000]
	matchers: null
	body: au.com.dius.pact.model.OptionalBody(EMPTY, )
15:22:22.418 [nioEventLoopGroup-13-1] DEBUG a.c.dius.pact.model.RequestMatching$ - comparing to expected request: 
	method: GET
	path: /api/brand=神舟
	query: null
	headers: [:]
	matchers: [:]
	body: au.com.dius.pact.model.OptionalBody(MISSING, null)
15:22:22.420 [nioEventLoopGroup-13-1] DEBUG au.com.dius.pact.model.Matching$ - No matcher for text/plain, using equality
15:22:22.420 [nioEventLoopGroup-13-1] DEBUG a.c.dius.pact.model.RequestMatching$ - Request mismatch: List()
15:22:22.421 [nioEventLoopGroup-13-1] DEBUG a.c.d.p.c.UnfilteredMockProvider - Generating response: 	status: 200 
	headers: [Content-Type:text/plain;charset=UTF-8] 
	matchers: [$.body.happy:[match:type], $.body.name:[match:type], $.body.localAddress:[regex:(\d{1,3}\.)+\d{1,3}]] 
	body: au.com.dius.pact.model.OptionalBody(PRESENT, {"localAddress":"127.0.0.1","happy":true,"name":"pactdslname","age":100})
15:22:22.421 [Test worker] DEBUG o.s.web.client.RestTemplate - GET request for "http://localhost:8000/api/brand=%E7%A5%9E%E8%88%9F" resulted in 200 (OK)
15:22:22.421 [Test worker] DEBUG o.s.web.client.RestTemplate - Reading [java.lang.String] as "text/plain;charset=UTF-8" using [org.springframework.http.converter.StringHttpMessageConverter@7d65b4fe]
]]></system-out>
  <system-err><![CDATA[]]></system-err>
</testsuite>
