<?xml version="1.0" encoding="UTF-8"?>
<testsuite name="com.thoughtworks.pact.consumer.ConsumerTestBrandsTBProducts" tests="1" skipped="0" failures="0" errors="0" timestamp="2016-05-22T02:12:44" hostname="CNpingzhu.local" time="0.219">
  <properties/>
  <testcase name="runTest" classname="com.thoughtworks.pact.consumer.ConsumerTestBrandsTBProducts" time="0.219"/>
  <system-out><![CDATA[10:12:44.823 [Test worker] DEBUG o.s.web.client.RestTemplate - Created GET request for "http://localhost:6003/products"
10:12:44.824 [Test worker] DEBUG o.s.web.client.RestTemplate - Setting request Accept header to [application/json, application/*+json]
10:12:44.840 [nioEventLoopGroup-11-1] DEBUG a.c.d.p.c.UnfilteredMockProvider - Received request: 	method: GET
	path: /products
	query: [:]
	headers: [Connection:keep-alive, Content-Length:0, Accept:application/json, application/*+json, User-Agent:Java/1.8.0_66, Host:localhost:6003]
	matchers: null
	body: au.com.dius.pact.model.OptionalBody(EMPTY, )
10:12:44.844 [nioEventLoopGroup-11-1] DEBUG a.c.dius.pact.model.RequestMatching$ - comparing to expected request: 
	method: GET
	path: /products
	query: null
	headers: [:]
	matchers: [:]
	body: au.com.dius.pact.model.OptionalBody(MISSING, null)
10:12:44.853 [nioEventLoopGroup-11-1] DEBUG au.com.dius.pact.model.Matching$ - No matcher for text/plain, using equality
10:12:44.853 [nioEventLoopGroup-11-1] DEBUG a.c.dius.pact.model.RequestMatching$ - Request mismatch: List()
10:12:44.854 [nioEventLoopGroup-11-1] DEBUG a.c.d.p.c.UnfilteredMockProvider - Generating response: 	status: 200 
	headers: [Content-Type:application/json] 
	matchers: [:] 
	body: au.com.dius.pact.model.OptionalBody(PRESENT, {"products": [{"brand": "联想","model": "小新Air","price": 6999}],"provider": "京东"})
10:12:44.856 [Test worker] DEBUG o.s.web.client.RestTemplate - GET request for "http://localhost:6003/products" resulted in 200 (OK)
10:12:44.858 [Test worker] DEBUG o.s.web.client.RestTemplate - Reading [class com.fasterxml.jackson.databind.JsonNode] as "application/json" using [org.springframework.http.converter.json.MappingJackson2HttpMessageConverter@6608078b]
10:12:44.981 [Test worker] DEBUG a.c.dius.pact.consumer.PactGenerator - Writing pact brands_consumer -> jd_products_provider to file target/pacts/brands_consumer-jd_products_provider.json
10:12:44.990 [Test worker] DEBUG a.c.dius.pact.consumer.PactGenerator - Writing pact app_consumer -> models_provider to file target/pacts/app_consumer-models_provider.json
10:12:44.998 [Test worker] DEBUG a.c.dius.pact.consumer.PactGenerator - Writing pact app_consumer -> brands_provider to file target/pacts/app_consumer-brands_provider.json
10:12:45.003 [Test worker] DEBUG a.c.dius.pact.consumer.PactGenerator - Writing pact test_consumer -> test_provider to file target/pacts/test_consumer-test_provider.json
10:12:45.012 [Test worker] DEBUG a.c.dius.pact.consumer.PactGenerator - Writing pact brands_consumer -> tb_products_provider to file target/pacts/brands_consumer-tb_products_provider.json
]]></system-out>
  <system-err><![CDATA[]]></system-err>
</testsuite>
