<?xml version="1.0" encoding="UTF-8"?>
<testsuite name="com.thoughtworks.pact.consumer.ConsumerTestBrands" tests="1" skipped="0" failures="0" errors="0" timestamp="2016-05-16T15:39:10" hostname="CNpingzhu.local" time="0.269">
  <properties/>
  <testcase name="runTest" classname="com.thoughtworks.pact.consumer.ConsumerTestBrands" time="0.269"/>
  <system-out><![CDATA[23:39:10.107 [Test worker] DEBUG o.s.web.client.RestTemplate - Created GET request for "http://localhost:8000/api/brand=%E7%A5%9E%E8%88%9F"
23:39:10.107 [Test worker] DEBUG o.s.web.client.RestTemplate - Setting request Accept header to [text/plain, application/json, application/*+json, */*]
23:39:10.112 [nioEventLoopGroup-5-1] DEBUG a.c.d.p.c.UnfilteredMockProvider - Received request: 	method: GET
	path: /api/brand=神舟
	query: [:]
	headers: [Connection:keep-alive, Content-Length:0, Accept:text/plain, application/json, application/*+json, */*, User-Agent:Java/1.8.0_66, Host:localhost:8000]
	matchers: null
	body: au.com.dius.pact.model.OptionalBody(EMPTY, )
23:39:10.114 [nioEventLoopGroup-5-1] DEBUG a.c.dius.pact.model.RequestMatching$ - comparing to expected request: 
	method: GET
	path: /api/brand=神舟
	query: null
	headers: [:]
	matchers: [:]
	body: au.com.dius.pact.model.OptionalBody(MISSING, null)
23:39:10.116 [nioEventLoopGroup-5-1] DEBUG au.com.dius.pact.model.Matching$ - No matcher for text/plain, using equality
23:39:10.117 [nioEventLoopGroup-5-1] DEBUG a.c.dius.pact.model.RequestMatching$ - Request mismatch: List()
23:39:10.117 [nioEventLoopGroup-5-1] DEBUG a.c.d.p.c.UnfilteredMockProvider - Generating response: 	status: 200 
	headers: [Content-Type:text/plain;charset=UTF-8] 
	matchers: [:] 
	body: au.com.dius.pact.model.OptionalBody(PRESENT, {"Data":[{"provider": "京东","brand": "神舟","model": " 战神K610D-i7 D2","price": 3469.0},{"provider": "淘宝","brand": "神舟","model": "战神 K650D-I5 D2","price": 3076.0}]})
23:39:10.122 [Test worker] DEBUG o.s.web.client.RestTemplate - GET request for "http://localhost:8000/api/brand=%E7%A5%9E%E8%88%9F" resulted in 200 (OK)
23:39:10.123 [Test worker] DEBUG o.s.web.client.RestTemplate - Reading [java.lang.String] as "text/plain;charset=UTF-8" using [org.springframework.http.converter.StringHttpMessageConverter@11d40c1b]
23:39:10.242 [Test worker] DEBUG a.c.dius.pact.consumer.PactGenerator - Writing pact test_consumer -> test_provider to file target/pacts/test_consumer-test_provider.json
23:39:10.262 [Test worker] DEBUG a.c.dius.pact.consumer.PactGenerator - Writing pact brands_consumer -> brands_provider to file target/pacts/brands_consumer-brands_provider.json
]]></system-out>
  <system-err><![CDATA[]]></system-err>
</testsuite>
