<?xml version="1.0" encoding="UTF-8"?>
<testsuite name="com.thoughtworks.pact.consumer.ConsumerTestAppBrands" tests="1" skipped="0" failures="0" errors="0" timestamp="2016-05-17T09:22:28" hostname="CNpingzhu.local" time="0.735">
  <properties/>
  <testcase name="runTest" classname="com.thoughtworks.pact.consumer.ConsumerTestAppBrands" time="0.735"/>
  <system-out><![CDATA[17:22:28.245 [Test worker] DEBUG o.s.web.client.RestTemplate - Created GET request for "http://localhost:8000/api/brand=%E7%A5%9E%E8%88%9F"
17:22:28.247 [Test worker] DEBUG o.s.web.client.RestTemplate - Setting request Accept header to [text/plain, application/json, application/*+json, */*]
17:22:28.287 [nioEventLoopGroup-5-1] DEBUG io.netty.util.ResourceLeakDetector - -Dio.netty.leakDetectionLevel: simple
17:22:28.302 [nioEventLoopGroup-5-1] DEBUG i.n.u.i.JavassistTypeParameterMatcherGenerator - Generated: io.netty.util.internal.__matchers__.io.netty.handler.codec.http.HttpObjectMatcher
17:22:28.310 [nioEventLoopGroup-5-1] DEBUG io.netty.util.Recycler - -Dio.netty.recycler.maxCapacity.default: 262144
17:22:28.314 [nioEventLoopGroup-5-1] DEBUG io.netty.util.internal.Cleaner0 - java.nio.ByteBuffer.cleaner(): available
17:22:28.400 [nioEventLoopGroup-5-1] DEBUG a.c.d.p.c.UnfilteredMockProvider - Received request: 	method: GET
	path: /api/brand=神舟
	query: [:]
	headers: [Connection:keep-alive, Content-Length:0, Accept:text/plain, application/json, application/*+json, */*, User-Agent:Java/1.8.0_66, Host:localhost:8000]
	matchers: null
	body: au.com.dius.pact.model.OptionalBody(EMPTY, )
17:22:28.419 [nioEventLoopGroup-5-1] DEBUG a.c.dius.pact.model.RequestMatching$ - comparing to expected request: 
	method: GET
	path: /api/brand=神舟
	query: null
	headers: [:]
	matchers: [:]
	body: au.com.dius.pact.model.OptionalBody(MISSING, null)
17:22:28.481 [nioEventLoopGroup-5-1] DEBUG au.com.dius.pact.model.Matching$ - No matcher for text/plain, using equality
17:22:28.481 [nioEventLoopGroup-5-1] DEBUG a.c.dius.pact.model.RequestMatching$ - Request mismatch: List()
17:22:28.483 [nioEventLoopGroup-5-1] DEBUG a.c.d.p.c.UnfilteredMockProvider - Generating response: 	status: 200 
	headers: [Content-Type:text/plain;charset=UTF-8] 
	matchers: [:] 
	body: au.com.dius.pact.model.OptionalBody(PRESENT, {"Data":[{"provider": "京东","brand": "神舟","model": " 战神K610D-i7 D2","price": 3469.0},{"provider": "淘宝","brand": "神舟","model": "战神 K650D-I5 D2","price": 3076.0}]})
17:22:28.496 [Test worker] DEBUG o.s.web.client.RestTemplate - GET request for "http://localhost:8000/api/brand=%E7%A5%9E%E8%88%9F" resulted in 200 (OK)
17:22:28.496 [Test worker] DEBUG o.s.web.client.RestTemplate - Reading [java.lang.String] as "text/plain;charset=UTF-8" using [org.springframework.http.converter.StringHttpMessageConverter@76824ba9]
17:22:28.645 [Test worker] DEBUG a.c.dius.pact.consumer.PactGenerator - Writing pact app_consumer -> brands_provider to file target/pacts/app_consumer-brands_provider.json
]]></system-out>
  <system-err><![CDATA[]]></system-err>
</testsuite>
